<?xml version="1.0" encoding="UTF-8"?>
<testsuite xmlns:xsi="http://www.w3.org/2001/XMLSchema-instance" xsi:noNamespaceSchemaLocation="https://maven.apache.org/surefire/maven-surefire-plugin/xsd/surefire-test-report.xsd" name="com.atcwl.gulicollege.service.Test" time="0.46" tests="1" errors="0" skipped="0" failures="0">
  <properties>
    <property name="java.specification.version" value="15"/>
    <property name="sun.cpu.isalist" value="amd64"/>
    <property name="sun.jnu.encoding" value="GBK"/>
    <property name="java.class.path" value="F:\studying\another\IdeaProjects\JavaEngineering\gulicollege\service\service-ucenter\target\test-classes;F:\studying\another\IdeaProjects\JavaEngineering\gulicollege\service\service-ucenter\target\classes;F:\studying\another\mavenRepository\junit\junit\4.12\junit-4.12.jar;F:\studying\another\mavenRepository\org\hamcrest\hamcrest-core\2.2\hamcrest-core-2.2.jar;F:\studying\another\mavenRepository\org\hamcrest\hamcrest\2.2\hamcrest-2.2.jar;F:\studying\another\mavenRepository\com\baomidou\mybatis-plus-generator\3.4.1\mybatis-plus-generator-3.4.1.jar;F:\studying\another\mavenRepository\com\baomidou\mybatis-plus-extension\3.5.0\mybatis-plus-extension-3.5.0.jar;F:\studying\another\mavenRepository\com\baomidou\mybatis-plus-core\3.5.0\mybatis-plus-core-3.5.0.jar;F:\studying\another\mavenRepository\com\baomidou\mybatis-plus-annotation\3.5.0\mybatis-plus-annotation-3.5.0.jar;F:\studying\another\mavenRepository\com\github\jsqlparser\jsqlparser\4.3\jsqlparser-4.3.jar;F:\studying\another\mavenRepository\org\mybatis\mybatis\3.5.9\mybatis-3.5.9.jar;F:\studying\another\mavenRepository\org\mybatis\mybatis-spring\2.0.6\mybatis-spring-2.0.6.jar;F:\studying\another\mavenRepository\com\alibaba\fastjson2\fastjson2\2.0.21\fastjson2-2.0.21.jar;F:\studying\another\IdeaProjects\JavaEngineering\gulicollege\common\service-base\target\service-base-1.0-SNAPSHOT.jar;F:\studying\another\IdeaProjects\JavaEngineering\gulicollege\common\common-util\target\common-util-1.0-SNAPSHOT.jar;F:\studying\another\mavenRepository\org\hibernate\validator\hibernate-validator\6.2.5.Final\hibernate-validator-6.2.5.Final.jar;F:\studying\another\mavenRepository\jakarta\validation\jakarta.validation-api\2.0.2\jakarta.validation-api-2.0.2.jar;F:\studying\another\mavenRepository\org\jboss\logging\jboss-logging\3.4.3.Final\jboss-logging-3.4.3.Final.jar;F:\studying\another\mavenRepository\io\jsonwebtoken\jjwt\0.9.1\jjwt-0.9.1.jar;F:\studying\another\mavenRepository\javax\xml\bind\jaxb-api\2.3.1\jaxb-api-2.3.1.jar;F:\studying\another\mavenRepository\javax\activation\javax.activation-api\1.2.0\javax.activation-api-1.2.0.jar;F:\studying\another\mavenRepository\org\springframework\cloud\spring-cloud-starter-openfeign\3.1.5\spring-cloud-starter-openfeign-3.1.5.jar;F:\studying\another\mavenRepository\org\springframework\cloud\spring-cloud-openfeign-core\3.1.5\spring-cloud-openfeign-core-3.1.5.jar;F:\studying\another\mavenRepository\io\github\openfeign\form\feign-form-spring\3.8.0\feign-form-spring-3.8.0.jar;F:\studying\another\mavenRepository\io\github\openfeign\form\feign-form\3.8.0\feign-form-3.8.0.jar;F:\studying\another\mavenRepository\io\github\openfeign\feign-core\11.10\feign-core-11.10.jar;F:\studying\another\mavenRepository\io\github\openfeign\feign-slf4j\11.10\feign-slf4j-11.10.jar;F:\studying\another\mavenRepository\org\springframework\cloud\spring-cloud-loadbalancer\3.1.5\spring-cloud-loadbalancer-3.1.5.jar;F:\studying\another\mavenRepository\io\projectreactor\reactor-core\3.4.24\reactor-core-3.4.24.jar;F:\studying\another\mavenRepository\io\projectreactor\addons\reactor-extra\3.4.8\reactor-extra-3.4.8.jar;F:\studying\another\mavenRepository\org\aspectj\aspectjweaver\1.9.7\aspectjweaver-1.9.7.jar;F:\studying\another\mavenRepository\org\springframework\boot\spring-boot-starter-data-redis\2.7.5\spring-boot-starter-data-redis-2.7.5.jar;F:\studying\another\mavenRepository\org\springframework\data\spring-data-redis\2.7.5\spring-data-redis-2.7.5.jar;F:\studying\another\mavenRepository\org\springframework\data\spring-data-keyvalue\2.7.5\spring-data-keyvalue-2.7.5.jar;F:\studying\another\mavenRepository\org\springframework\data\spring-data-commons\2.7.5\spring-data-commons-2.7.5.jar;F:\studying\another\mavenRepository\org\springframework\spring-tx\5.3.23\spring-tx-5.3.23.jar;F:\studying\another\mavenRepository\org\springframework\spring-oxm\5.3.23\spring-oxm-5.3.23.jar;F:\studying\another\mavenRepository\org\springframework\spring-context-support\5.3.23\spring-context-support-5.3.23.jar;F:\studying\another\mavenRepository\io\lettuce\lettuce-core\6.1.10.RELEASE\lettuce-core-6.1.10.RELEASE.jar;F:\studying\another\mavenRepository\io\netty\netty-common\4.1.84.Final\netty-common-4.1.84.Final.jar;F:\studying\another\mavenRepository\io\netty\netty-handler\4.1.84.Final\netty-handler-4.1.84.Final.jar;F:\studying\another\mavenRepository\io\netty\netty-resolver\4.1.84.Final\netty-resolver-4.1.84.Final.jar;F:\studying\another\mavenRepository\io\netty\netty-buffer\4.1.84.Final\netty-buffer-4.1.84.Final.jar;F:\studying\another\mavenRepository\io\netty\netty-transport-native-unix-common\4.1.84.Final\netty-transport-native-unix-common-4.1.84.Final.jar;F:\studying\another\mavenRepository\io\netty\netty-codec\4.1.84.Final\netty-codec-4.1.84.Final.jar;F:\studying\another\mavenRepository\io\netty\netty-transport\4.1.84.Final\netty-transport-4.1.84.Final.jar;F:\studying\another\mavenRepository\org\apache\commons\commons-pool2\2.11.1\commons-pool2-2.11.1.jar;F:\studying\another\mavenRepository\org\springframework\cloud\spring-cloud-starter-netflix-hystrix\2.2.7.RELEASE\spring-cloud-starter-netflix-hystrix-2.2.7.RELEASE.jar;F:\studying\another\mavenRepository\org\springframework\cloud\spring-cloud-starter\3.1.5\spring-cloud-starter-3.1.5.jar;F:\studying\another\mavenRepository\org\springframework\security\spring-security-rsa\1.0.11.RELEASE\spring-security-rsa-1.0.11.RELEASE.jar;F:\studying\another\mavenRepository\org\bouncycastle\bcpkix-jdk15on\1.69\bcpkix-jdk15on-1.69.jar;F:\studying\another\mavenRepository\org\bouncycastle\bcprov-jdk15on\1.69\bcprov-jdk15on-1.69.jar;F:\studying\another\mavenRepository\org\bouncycastle\bcutil-jdk15on\1.69\bcutil-jdk15on-1.69.jar;F:\studying\another\mavenRepository\org\springframework\cloud\spring-cloud-netflix-hystrix\2.2.7.RELEASE\spring-cloud-netflix-hystrix-2.2.7.RELEASE.jar;F:\studying\another\mavenRepository\org\springframework\boot\spring-boot-starter-aop\2.7.5\spring-boot-starter-aop-2.7.5.jar;F:\studying\another\mavenRepository\org\springframework\cloud\spring-cloud-netflix-ribbon\2.2.7.RELEASE\spring-cloud-netflix-ribbon-2.2.7.RELEASE.jar;F:\studying\another\mavenRepository\org\springframework\cloud\spring-cloud-netflix-archaius\2.2.7.RELEASE\spring-cloud-netflix-archaius-2.2.7.RELEASE.jar;F:\studying\another\mavenRepository\org\springframework\cloud\spring-cloud-starter-netflix-archaius\2.2.7.RELEASE\spring-cloud-starter-netflix-archaius-2.2.7.RELEASE.jar;F:\studying\another\mavenRepository\com\netflix\archaius\archaius-core\0.7.7\archaius-core-0.7.7.jar;F:\studying\another\mavenRepository\com\google\code\findbugs\jsr305\3.0.1\jsr305-3.0.1.jar;F:\studying\another\mavenRepository\commons-configuration\commons-configuration\1.8\commons-configuration-1.8.jar;F:\studying\another\mavenRepository\commons-lang\commons-lang\2.6\commons-lang-2.6.jar;F:\studying\another\mavenRepository\com\netflix\hystrix\hystrix-core\1.5.18\hystrix-core-1.5.18.jar;F:\studying\another\mavenRepository\io\reactivex\rxjava\1.3.8\rxjava-1.3.8.jar;F:\studying\another\mavenRepository\org\hdrhistogram\HdrHistogram\2.1.9\HdrHistogram-2.1.9.jar;F:\studying\another\mavenRepository\com\netflix\hystrix\hystrix-serialization\1.5.18\hystrix-serialization-1.5.18.jar;F:\studying\another\mavenRepository\com\fasterxml\jackson\module\jackson-module-afterburner\2.13.4\jackson-module-afterburner-2.13.4.jar;F:\studying\another\mavenRepository\com\fasterxml\jackson\core\jackson-core\2.13.4\jackson-core-2.13.4.jar;F:\studying\another\mavenRepository\com\fasterxml\jackson\core\jackson-databind\2.13.4.2\jackson-databind-2.13.4.2.jar;F:\studying\another\mavenRepository\com\fasterxml\jackson\core\jackson-annotations\2.13.4\jackson-annotations-2.13.4.jar;F:\studying\another\mavenRepository\com\netflix\hystrix\hystrix-metrics-event-stream\1.5.18\hystrix-metrics-event-stream-1.5.18.jar;F:\studying\another\mavenRepository\com\netflix\hystrix\hystrix-javanica\1.5.18\hystrix-javanica-1.5.18.jar;F:\studying\another\mavenRepository\org\ow2\asm\asm\5.0.4\asm-5.0.4.jar;F:\studying\another\mavenRepository\io\reactivex\rxjava-reactive-streams\1.2.1\rxjava-reactive-streams-1.2.1.jar;F:\studying\another\mavenRepository\org\reactivestreams\reactive-streams\1.0.4\reactive-streams-1.0.4.jar;F:\studying\another\mavenRepository\com\alibaba\cloud\spring-cloud-starter-alibaba-nacos-discovery\2.2.7.RELEASE\spring-cloud-starter-alibaba-nacos-discovery-2.2.7.RELEASE.jar;F:\studying\another\mavenRepository\com\alibaba\cloud\spring-cloud-alibaba-commons\2.2.7.RELEASE\spring-cloud-alibaba-commons-2.2.7.RELEASE.jar;F:\studying\another\mavenRepository\com\alibaba\nacos\nacos-client\2.0.3\nacos-client-2.0.3.jar;F:\studying\another\mavenRepository\org\apache\httpcomponents\httpasyncclient\4.1.5\httpasyncclient-4.1.5.jar;F:\studying\another\mavenRepository\org\apache\httpcomponents\httpcore-nio\4.4.15\httpcore-nio-4.4.15.jar;F:\studying\another\mavenRepository\org\reflections\reflections\0.9.11\reflections-0.9.11.jar;F:\studying\another\mavenRepository\org\javassist\javassist\3.21.0-GA\javassist-3.21.0-GA.jar;F:\studying\another\mavenRepository\io\prometheus\simpleclient\0.15.0\simpleclient-0.15.0.jar;F:\studying\another\mavenRepository\io\prometheus\simpleclient_tracer_otel\0.15.0\simpleclient_tracer_otel-0.15.0.jar;F:\studying\another\mavenRepository\io\prometheus\simpleclient_tracer_common\0.15.0\simpleclient_tracer_common-0.15.0.jar;F:\studying\another\mavenRepository\io\prometheus\simpleclient_tracer_otel_agent\0.15.0\simpleclient_tracer_otel_agent-0.15.0.jar;F:\studying\another\mavenRepository\org\yaml\snakeyaml\1.30\snakeyaml-1.30.jar;F:\studying\another\mavenRepository\com\alibaba\spring\spring-context-support\1.0.10\spring-context-support-1.0.10.jar;F:\studying\another\mavenRepository\org\springframework\cloud\spring-cloud-commons\3.1.5\spring-cloud-commons-3.1.5.jar;F:\studying\another\mavenRepository\org\springframework\security\spring-security-crypto\5.7.4\spring-security-crypto-5.7.4.jar;F:\studying\another\mavenRepository\org\springframework\cloud\spring-cloud-context\3.1.5\spring-cloud-context-3.1.5.jar;F:\studying\another\mavenRepository\org\springframework\boot\spring-boot-starter-web\2.7.5\spring-boot-starter-web-2.7.5.jar;F:\studying\another\mavenRepository\org\springframework\boot\spring-boot-starter\2.7.5\spring-boot-starter-2.7.5.jar;F:\studying\another\mavenRepository\org\springframework\boot\spring-boot-starter-logging\2.7.5\spring-boot-starter-logging-2.7.5.jar;F:\studying\another\mavenRepository\ch\qos\logback\logback-classic\1.2.11\logback-classic-1.2.11.jar;F:\studying\another\mavenRepository\ch\qos\logback\logback-core\1.2.11\logback-core-1.2.11.jar;F:\studying\another\mavenRepository\org\apache\logging\log4j\log4j-to-slf4j\2.17.2\log4j-to-slf4j-2.17.2.jar;F:\studying\another\mavenRepository\org\apache\logging\log4j\log4j-api\2.17.2\log4j-api-2.17.2.jar;F:\studying\another\mavenRepository\org\slf4j\jul-to-slf4j\1.7.36\jul-to-slf4j-1.7.36.jar;F:\studying\another\mavenRepository\jakarta\annotation\jakarta.annotation-api\1.3.5\jakarta.annotation-api-1.3.5.jar;F:\studying\another\mavenRepository\org\springframework\spring-core\5.3.23\spring-core-5.3.23.jar;F:\studying\another\mavenRepository\org\springframework\spring-jcl\5.3.23\spring-jcl-5.3.23.jar;F:\studying\another\mavenRepository\org\springframework\boot\spring-boot-starter-json\2.7.5\spring-boot-starter-json-2.7.5.jar;F:\studying\another\mavenRepository\com\fasterxml\jackson\datatype\jackson-datatype-jdk8\2.13.4\jackson-datatype-jdk8-2.13.4.jar;F:\studying\another\mavenRepository\com\fasterxml\jackson\datatype\jackson-datatype-jsr310\2.13.4\jackson-datatype-jsr310-2.13.4.jar;F:\studying\another\mavenRepository\com\fasterxml\jackson\module\jackson-module-parameter-names\2.13.4\jackson-module-parameter-names-2.13.4.jar;F:\studying\another\mavenRepository\org\springframework\boot\spring-boot-starter-tomcat\2.7.5\spring-boot-starter-tomcat-2.7.5.jar;F:\studying\another\mavenRepository\org\apache\tomcat\embed\tomcat-embed-core\9.0.68\tomcat-embed-core-9.0.68.jar;F:\studying\another\mavenRepository\org\apache\tomcat\embed\tomcat-embed-el\9.0.68\tomcat-embed-el-9.0.68.jar;F:\studying\another\mavenRepository\org\apache\tomcat\embed\tomcat-embed-websocket\9.0.68\tomcat-embed-websocket-9.0.68.jar;F:\studying\another\mavenRepository\org\springframework\spring-web\5.3.23\spring-web-5.3.23.jar;F:\studying\another\mavenRepository\org\springframework\spring-beans\5.3.23\spring-beans-5.3.23.jar;F:\studying\another\mavenRepository\org\springframework\spring-webmvc\5.3.23\spring-webmvc-5.3.23.jar;F:\studying\another\mavenRepository\org\springframework\spring-aop\5.3.23\spring-aop-5.3.23.jar;F:\studying\another\mavenRepository\org\springframework\spring-context\5.3.23\spring-context-5.3.23.jar;F:\studying\another\mavenRepository\org\springframework\spring-expression\5.3.23\spring-expression-5.3.23.jar;F:\studying\another\mavenRepository\com\baomidou\mybatis-plus-boot-starter\3.5.0\mybatis-plus-boot-starter-3.5.0.jar;F:\studying\another\mavenRepository\com\baomidou\mybatis-plus\3.5.0\mybatis-plus-3.5.0.jar;F:\studying\another\mavenRepository\org\springframework\boot\spring-boot-autoconfigure\2.7.5\spring-boot-autoconfigure-2.7.5.jar;F:\studying\another\mavenRepository\org\springframework\boot\spring-boot-starter-jdbc\2.7.5\spring-boot-starter-jdbc-2.7.5.jar;F:\studying\another\mavenRepository\com\zaxxer\HikariCP\4.0.3\HikariCP-4.0.3.jar;F:\studying\another\mavenRepository\org\springframework\spring-jdbc\5.3.23\spring-jdbc-5.3.23.jar;F:\studying\another\mavenRepository\com\mysql\mysql-connector-j\8.0.31\mysql-connector-j-8.0.31.jar;F:\studying\another\mavenRepository\org\apache\velocity\velocity-engine-core\2.3\velocity-engine-core-2.3.jar;F:\studying\another\mavenRepository\org\apache\commons\commons-lang3\3.12.0\commons-lang3-3.12.0.jar;F:\studying\another\mavenRepository\org\slf4j\slf4j-api\1.7.36\slf4j-api-1.7.36.jar;F:\studying\another\mavenRepository\io\springfox\springfox-swagger2\2.9.2\springfox-swagger2-2.9.2.jar;F:\studying\another\mavenRepository\io\swagger\swagger-annotations\1.5.20\swagger-annotations-1.5.20.jar;F:\studying\another\mavenRepository\io\swagger\swagger-models\1.5.20\swagger-models-1.5.20.jar;F:\studying\another\mavenRepository\io\springfox\springfox-spi\2.9.2\springfox-spi-2.9.2.jar;F:\studying\another\mavenRepository\io\springfox\springfox-core\2.9.2\springfox-core-2.9.2.jar;F:\studying\another\mavenRepository\net\bytebuddy\byte-buddy\1.12.18\byte-buddy-1.12.18.jar;F:\studying\another\mavenRepository\io\springfox\springfox-schema\2.9.2\springfox-schema-2.9.2.jar;F:\studying\another\mavenRepository\io\springfox\springfox-swagger-common\2.9.2\springfox-swagger-common-2.9.2.jar;F:\studying\another\mavenRepository\io\springfox\springfox-spring-web\2.9.2\springfox-spring-web-2.9.2.jar;F:\studying\another\mavenRepository\com\google\guava\guava\20.0\guava-20.0.jar;F:\studying\another\mavenRepository\com\fasterxml\classmate\1.5.1\classmate-1.5.1.jar;F:\studying\another\mavenRepository\org\springframework\plugin\spring-plugin-core\1.2.0.RELEASE\spring-plugin-core-1.2.0.RELEASE.jar;F:\studying\another\mavenRepository\org\springframework\plugin\spring-plugin-metadata\1.2.0.RELEASE\spring-plugin-metadata-1.2.0.RELEASE.jar;F:\studying\another\mavenRepository\org\mapstruct\mapstruct\1.2.0.Final\mapstruct-1.2.0.Final.jar;F:\studying\another\mavenRepository\io\springfox\springfox-swagger-ui\2.9.2\springfox-swagger-ui-2.9.2.jar;F:\studying\another\mavenRepository\org\projectlombok\lombok\1.18.24\lombok-1.18.24.jar;F:\studying\another\mavenRepository\commons-fileupload\commons-fileupload\1.4\commons-fileupload-1.4.jar;F:\studying\another\mavenRepository\org\apache\httpcomponents\httpclient\4.5.13\httpclient-4.5.13.jar;F:\studying\another\mavenRepository\org\apache\httpcomponents\httpcore\4.4.15\httpcore-4.4.15.jar;F:\studying\another\mavenRepository\commons-logging\commons-logging\1.2\commons-logging-1.2.jar;F:\studying\another\mavenRepository\commons-codec\commons-codec\1.15\commons-codec-1.15.jar;F:\studying\another\mavenRepository\commons-io\commons-io\2.11.0\commons-io-2.11.0.jar;F:\studying\another\mavenRepository\com\google\code\gson\gson\2.9.0\gson-2.9.0.jar;F:\studying\another\mavenRepository\org\springframework\boot\spring-boot-test\2.7.5\spring-boot-test-2.7.5.jar;F:\studying\another\mavenRepository\org\springframework\boot\spring-boot\2.7.5\spring-boot-2.7.5.jar;"/>
    <property name="java.vm.vendor" value="Oracle Corporation"/>
    <property name="sun.arch.data.model" value="64"/>
    <property name="user.variant" value=""/>
    <property name="java.vendor.url" value="https://java.oracle.com/"/>
    <property name="user.timezone" value="Asia/Shanghai"/>
    <property name="os.name" value="Windows 10"/>
    <property name="java.vm.specification.version" value="15"/>
    <property name="sun.java.launcher" value="SUN_STANDARD"/>
    <property name="user.country" value="CN"/>
    <property name="sun.boot.library.path" value="F:\studying\another\Java\jdk-15\bin"/>
    <property name="sun.java.command" value="C:\Users\陈伟龙\AppData\Local\Temp\surefire8004384041305036102\surefirebooter9338016378667251734.jar C:\Users\陈伟龙\AppData\Local\Temp\surefire8004384041305036102 2023-03-28T17-21-13_551-jvmRun1 surefire16569082653096931173tmp surefire_05654790728117551099tmp"/>
    <property name="jdk.debug" value="release"/>
    <property name="surefire.test.class.path" value="F:\studying\another\IdeaProjects\JavaEngineering\gulicollege\service\service-ucenter\target\test-classes;F:\studying\another\IdeaProjects\JavaEngineering\gulicollege\service\service-ucenter\target\classes;F:\studying\another\mavenRepository\junit\junit\4.12\junit-4.12.jar;F:\studying\another\mavenRepository\org\hamcrest\hamcrest-core\2.2\hamcrest-core-2.2.jar;F:\studying\another\mavenRepository\org\hamcrest\hamcrest\2.2\hamcrest-2.2.jar;F:\studying\another\mavenRepository\com\baomidou\mybatis-plus-generator\3.4.1\mybatis-plus-generator-3.4.1.jar;F:\studying\another\mavenRepository\com\baomidou\mybatis-plus-extension\3.5.0\mybatis-plus-extension-3.5.0.jar;F:\studying\another\mavenRepository\com\baomidou\mybatis-plus-core\3.5.0\mybatis-plus-core-3.5.0.jar;F:\studying\another\mavenRepository\com\baomidou\mybatis-plus-annotation\3.5.0\mybatis-plus-annotation-3.5.0.jar;F:\studying\another\mavenRepository\com\github\jsqlparser\jsqlparser\4.3\jsqlparser-4.3.jar;F:\studying\another\mavenRepository\org\mybatis\mybatis\3.5.9\mybatis-3.5.9.jar;F:\studying\another\mavenRepository\org\mybatis\mybatis-spring\2.0.6\mybatis-spring-2.0.6.jar;F:\studying\another\mavenRepository\com\alibaba\fastjson2\fastjson2\2.0.21\fastjson2-2.0.21.jar;F:\studying\another\IdeaProjects\JavaEngineering\gulicollege\common\service-base\target\service-base-1.0-SNAPSHOT.jar;F:\studying\another\IdeaProjects\JavaEngineering\gulicollege\common\common-util\target\common-util-1.0-SNAPSHOT.jar;F:\studying\another\mavenRepository\org\hibernate\validator\hibernate-validator\6.2.5.Final\hibernate-validator-6.2.5.Final.jar;F:\studying\another\mavenRepository\jakarta\validation\jakarta.validation-api\2.0.2\jakarta.validation-api-2.0.2.jar;F:\studying\another\mavenRepository\org\jboss\logging\jboss-logging\3.4.3.Final\jboss-logging-3.4.3.Final.jar;F:\studying\another\mavenRepository\io\jsonwebtoken\jjwt\0.9.1\jjwt-0.9.1.jar;F:\studying\another\mavenRepository\javax\xml\bind\jaxb-api\2.3.1\jaxb-api-2.3.1.jar;F:\studying\another\mavenRepository\javax\activation\javax.activation-api\1.2.0\javax.activation-api-1.2.0.jar;F:\studying\another\mavenRepository\org\springframework\cloud\spring-cloud-starter-openfeign\3.1.5\spring-cloud-starter-openfeign-3.1.5.jar;F:\studying\another\mavenRepository\org\springframework\cloud\spring-cloud-openfeign-core\3.1.5\spring-cloud-openfeign-core-3.1.5.jar;F:\studying\another\mavenRepository\io\github\openfeign\form\feign-form-spring\3.8.0\feign-form-spring-3.8.0.jar;F:\studying\another\mavenRepository\io\github\openfeign\form\feign-form\3.8.0\feign-form-3.8.0.jar;F:\studying\another\mavenRepository\io\github\openfeign\feign-core\11.10\feign-core-11.10.jar;F:\studying\another\mavenRepository\io\github\openfeign\feign-slf4j\11.10\feign-slf4j-11.10.jar;F:\studying\another\mavenRepository\org\springframework\cloud\spring-cloud-loadbalancer\3.1.5\spring-cloud-loadbalancer-3.1.5.jar;F:\studying\another\mavenRepository\io\projectreactor\reactor-core\3.4.24\reactor-core-3.4.24.jar;F:\studying\another\mavenRepository\io\projectreactor\addons\reactor-extra\3.4.8\reactor-extra-3.4.8.jar;F:\studying\another\mavenRepository\org\aspectj\aspectjweaver\1.9.7\aspectjweaver-1.9.7.jar;F:\studying\another\mavenRepository\org\springframework\boot\spring-boot-starter-data-redis\2.7.5\spring-boot-starter-data-redis-2.7.5.jar;F:\studying\another\mavenRepository\org\springframework\data\spring-data-redis\2.7.5\spring-data-redis-2.7.5.jar;F:\studying\another\mavenRepository\org\springframework\data\spring-data-keyvalue\2.7.5\spring-data-keyvalue-2.7.5.jar;F:\studying\another\mavenRepository\org\springframework\data\spring-data-commons\2.7.5\spring-data-commons-2.7.5.jar;F:\studying\another\mavenRepository\org\springframework\spring-tx\5.3.23\spring-tx-5.3.23.jar;F:\studying\another\mavenRepository\org\springframework\spring-oxm\5.3.23\spring-oxm-5.3.23.jar;F:\studying\another\mavenRepository\org\springframework\spring-context-support\5.3.23\spring-context-support-5.3.23.jar;F:\studying\another\mavenRepository\io\lettuce\lettuce-core\6.1.10.RELEASE\lettuce-core-6.1.10.RELEASE.jar;F:\studying\another\mavenRepository\io\netty\netty-common\4.1.84.Final\netty-common-4.1.84.Final.jar;F:\studying\another\mavenRepository\io\netty\netty-handler\4.1.84.Final\netty-handler-4.1.84.Final.jar;F:\studying\another\mavenRepository\io\netty\netty-resolver\4.1.84.Final\netty-resolver-4.1.84.Final.jar;F:\studying\another\mavenRepository\io\netty\netty-buffer\4.1.84.Final\netty-buffer-4.1.84.Final.jar;F:\studying\another\mavenRepository\io\netty\netty-transport-native-unix-common\4.1.84.Final\netty-transport-native-unix-common-4.1.84.Final.jar;F:\studying\another\mavenRepository\io\netty\netty-codec\4.1.84.Final\netty-codec-4.1.84.Final.jar;F:\studying\another\mavenRepository\io\netty\netty-transport\4.1.84.Final\netty-transport-4.1.84.Final.jar;F:\studying\another\mavenRepository\org\apache\commons\commons-pool2\2.11.1\commons-pool2-2.11.1.jar;F:\studying\another\mavenRepository\org\springframework\cloud\spring-cloud-starter-netflix-hystrix\2.2.7.RELEASE\spring-cloud-starter-netflix-hystrix-2.2.7.RELEASE.jar;F:\studying\another\mavenRepository\org\springframework\cloud\spring-cloud-starter\3.1.5\spring-cloud-starter-3.1.5.jar;F:\studying\another\mavenRepository\org\springframework\security\spring-security-rsa\1.0.11.RELEASE\spring-security-rsa-1.0.11.RELEASE.jar;F:\studying\another\mavenRepository\org\bouncycastle\bcpkix-jdk15on\1.69\bcpkix-jdk15on-1.69.jar;F:\studying\another\mavenRepository\org\bouncycastle\bcprov-jdk15on\1.69\bcprov-jdk15on-1.69.jar;F:\studying\another\mavenRepository\org\bouncycastle\bcutil-jdk15on\1.69\bcutil-jdk15on-1.69.jar;F:\studying\another\mavenRepository\org\springframework\cloud\spring-cloud-netflix-hystrix\2.2.7.RELEASE\spring-cloud-netflix-hystrix-2.2.7.RELEASE.jar;F:\studying\another\mavenRepository\org\springframework\boot\spring-boot-starter-aop\2.7.5\spring-boot-starter-aop-2.7.5.jar;F:\studying\another\mavenRepository\org\springframework\cloud\spring-cloud-netflix-ribbon\2.2.7.RELEASE\spring-cloud-netflix-ribbon-2.2.7.RELEASE.jar;F:\studying\another\mavenRepository\org\springframework\cloud\spring-cloud-netflix-archaius\2.2.7.RELEASE\spring-cloud-netflix-archaius-2.2.7.RELEASE.jar;F:\studying\another\mavenRepository\org\springframework\cloud\spring-cloud-starter-netflix-archaius\2.2.7.RELEASE\spring-cloud-starter-netflix-archaius-2.2.7.RELEASE.jar;F:\studying\another\mavenRepository\com\netflix\archaius\archaius-core\0.7.7\archaius-core-0.7.7.jar;F:\studying\another\mavenRepository\com\google\code\findbugs\jsr305\3.0.1\jsr305-3.0.1.jar;F:\studying\another\mavenRepository\commons-configuration\commons-configuration\1.8\commons-configuration-1.8.jar;F:\studying\another\mavenRepository\commons-lang\commons-lang\2.6\commons-lang-2.6.jar;F:\studying\another\mavenRepository\com\netflix\hystrix\hystrix-core\1.5.18\hystrix-core-1.5.18.jar;F:\studying\another\mavenRepository\io\reactivex\rxjava\1.3.8\rxjava-1.3.8.jar;F:\studying\another\mavenRepository\org\hdrhistogram\HdrHistogram\2.1.9\HdrHistogram-2.1.9.jar;F:\studying\another\mavenRepository\com\netflix\hystrix\hystrix-serialization\1.5.18\hystrix-serialization-1.5.18.jar;F:\studying\another\mavenRepository\com\fasterxml\jackson\module\jackson-module-afterburner\2.13.4\jackson-module-afterburner-2.13.4.jar;F:\studying\another\mavenRepository\com\fasterxml\jackson\core\jackson-core\2.13.4\jackson-core-2.13.4.jar;F:\studying\another\mavenRepository\com\fasterxml\jackson\core\jackson-databind\2.13.4.2\jackson-databind-2.13.4.2.jar;F:\studying\another\mavenRepository\com\fasterxml\jackson\core\jackson-annotations\2.13.4\jackson-annotations-2.13.4.jar;F:\studying\another\mavenRepository\com\netflix\hystrix\hystrix-metrics-event-stream\1.5.18\hystrix-metrics-event-stream-1.5.18.jar;F:\studying\another\mavenRepository\com\netflix\hystrix\hystrix-javanica\1.5.18\hystrix-javanica-1.5.18.jar;F:\studying\another\mavenRepository\org\ow2\asm\asm\5.0.4\asm-5.0.4.jar;F:\studying\another\mavenRepository\io\reactivex\rxjava-reactive-streams\1.2.1\rxjava-reactive-streams-1.2.1.jar;F:\studying\another\mavenRepository\org\reactivestreams\reactive-streams\1.0.4\reactive-streams-1.0.4.jar;F:\studying\another\mavenRepository\com\alibaba\cloud\spring-cloud-starter-alibaba-nacos-discovery\2.2.7.RELEASE\spring-cloud-starter-alibaba-nacos-discovery-2.2.7.RELEASE.jar;F:\studying\another\mavenRepository\com\alibaba\cloud\spring-cloud-alibaba-commons\2.2.7.RELEASE\spring-cloud-alibaba-commons-2.2.7.RELEASE.jar;F:\studying\another\mavenRepository\com\alibaba\nacos\nacos-client\2.0.3\nacos-client-2.0.3.jar;F:\studying\another\mavenRepository\org\apache\httpcomponents\httpasyncclient\4.1.5\httpasyncclient-4.1.5.jar;F:\studying\another\mavenRepository\org\apache\httpcomponents\httpcore-nio\4.4.15\httpcore-nio-4.4.15.jar;F:\studying\another\mavenRepository\org\reflections\reflections\0.9.11\reflections-0.9.11.jar;F:\studying\another\mavenRepository\org\javassist\javassist\3.21.0-GA\javassist-3.21.0-GA.jar;F:\studying\another\mavenRepository\io\prometheus\simpleclient\0.15.0\simpleclient-0.15.0.jar;F:\studying\another\mavenRepository\io\prometheus\simpleclient_tracer_otel\0.15.0\simpleclient_tracer_otel-0.15.0.jar;F:\studying\another\mavenRepository\io\prometheus\simpleclient_tracer_common\0.15.0\simpleclient_tracer_common-0.15.0.jar;F:\studying\another\mavenRepository\io\prometheus\simpleclient_tracer_otel_agent\0.15.0\simpleclient_tracer_otel_agent-0.15.0.jar;F:\studying\another\mavenRepository\org\yaml\snakeyaml\1.30\snakeyaml-1.30.jar;F:\studying\another\mavenRepository\com\alibaba\spring\spring-context-support\1.0.10\spring-context-support-1.0.10.jar;F:\studying\another\mavenRepository\org\springframework\cloud\spring-cloud-commons\3.1.5\spring-cloud-commons-3.1.5.jar;F:\studying\another\mavenRepository\org\springframework\security\spring-security-crypto\5.7.4\spring-security-crypto-5.7.4.jar;F:\studying\another\mavenRepository\org\springframework\cloud\spring-cloud-context\3.1.5\spring-cloud-context-3.1.5.jar;F:\studying\another\mavenRepository\org\springframework\boot\spring-boot-starter-web\2.7.5\spring-boot-starter-web-2.7.5.jar;F:\studying\another\mavenRepository\org\springframework\boot\spring-boot-starter\2.7.5\spring-boot-starter-2.7.5.jar;F:\studying\another\mavenRepository\org\springframework\boot\spring-boot-starter-logging\2.7.5\spring-boot-starter-logging-2.7.5.jar;F:\studying\another\mavenRepository\ch\qos\logback\logback-classic\1.2.11\logback-classic-1.2.11.jar;F:\studying\another\mavenRepository\ch\qos\logback\logback-core\1.2.11\logback-core-1.2.11.jar;F:\studying\another\mavenRepository\org\apache\logging\log4j\log4j-to-slf4j\2.17.2\log4j-to-slf4j-2.17.2.jar;F:\studying\another\mavenRepository\org\apache\logging\log4j\log4j-api\2.17.2\log4j-api-2.17.2.jar;F:\studying\another\mavenRepository\org\slf4j\jul-to-slf4j\1.7.36\jul-to-slf4j-1.7.36.jar;F:\studying\another\mavenRepository\jakarta\annotation\jakarta.annotation-api\1.3.5\jakarta.annotation-api-1.3.5.jar;F:\studying\another\mavenRepository\org\springframework\spring-core\5.3.23\spring-core-5.3.23.jar;F:\studying\another\mavenRepository\org\springframework\spring-jcl\5.3.23\spring-jcl-5.3.23.jar;F:\studying\another\mavenRepository\org\springframework\boot\spring-boot-starter-json\2.7.5\spring-boot-starter-json-2.7.5.jar;F:\studying\another\mavenRepository\com\fasterxml\jackson\datatype\jackson-datatype-jdk8\2.13.4\jackson-datatype-jdk8-2.13.4.jar;F:\studying\another\mavenRepository\com\fasterxml\jackson\datatype\jackson-datatype-jsr310\2.13.4\jackson-datatype-jsr310-2.13.4.jar;F:\studying\another\mavenRepository\com\fasterxml\jackson\module\jackson-module-parameter-names\2.13.4\jackson-module-parameter-names-2.13.4.jar;F:\studying\another\mavenRepository\org\springframework\boot\spring-boot-starter-tomcat\2.7.5\spring-boot-starter-tomcat-2.7.5.jar;F:\studying\another\mavenRepository\org\apache\tomcat\embed\tomcat-embed-core\9.0.68\tomcat-embed-core-9.0.68.jar;F:\studying\another\mavenRepository\org\apache\tomcat\embed\tomcat-embed-el\9.0.68\tomcat-embed-el-9.0.68.jar;F:\studying\another\mavenRepository\org\apache\tomcat\embed\tomcat-embed-websocket\9.0.68\tomcat-embed-websocket-9.0.68.jar;F:\studying\another\mavenRepository\org\springframework\spring-web\5.3.23\spring-web-5.3.23.jar;F:\studying\another\mavenRepository\org\springframework\spring-beans\5.3.23\spring-beans-5.3.23.jar;F:\studying\another\mavenRepository\org\springframework\spring-webmvc\5.3.23\spring-webmvc-5.3.23.jar;F:\studying\another\mavenRepository\org\springframework\spring-aop\5.3.23\spring-aop-5.3.23.jar;F:\studying\another\mavenRepository\org\springframework\spring-context\5.3.23\spring-context-5.3.23.jar;F:\studying\another\mavenRepository\org\springframework\spring-expression\5.3.23\spring-expression-5.3.23.jar;F:\studying\another\mavenRepository\com\baomidou\mybatis-plus-boot-starter\3.5.0\mybatis-plus-boot-starter-3.5.0.jar;F:\studying\another\mavenRepository\com\baomidou\mybatis-plus\3.5.0\mybatis-plus-3.5.0.jar;F:\studying\another\mavenRepository\org\springframework\boot\spring-boot-autoconfigure\2.7.5\spring-boot-autoconfigure-2.7.5.jar;F:\studying\another\mavenRepository\org\springframework\boot\spring-boot-starter-jdbc\2.7.5\spring-boot-starter-jdbc-2.7.5.jar;F:\studying\another\mavenRepository\com\zaxxer\HikariCP\4.0.3\HikariCP-4.0.3.jar;F:\studying\another\mavenRepository\org\springframework\spring-jdbc\5.3.23\spring-jdbc-5.3.23.jar;F:\studying\another\mavenRepository\com\mysql\mysql-connector-j\8.0.31\mysql-connector-j-8.0.31.jar;F:\studying\another\mavenRepository\org\apache\velocity\velocity-engine-core\2.3\velocity-engine-core-2.3.jar;F:\studying\another\mavenRepository\org\apache\commons\commons-lang3\3.12.0\commons-lang3-3.12.0.jar;F:\studying\another\mavenRepository\org\slf4j\slf4j-api\1.7.36\slf4j-api-1.7.36.jar;F:\studying\another\mavenRepository\io\springfox\springfox-swagger2\2.9.2\springfox-swagger2-2.9.2.jar;F:\studying\another\mavenRepository\io\swagger\swagger-annotations\1.5.20\swagger-annotations-1.5.20.jar;F:\studying\another\mavenRepository\io\swagger\swagger-models\1.5.20\swagger-models-1.5.20.jar;F:\studying\another\mavenRepository\io\springfox\springfox-spi\2.9.2\springfox-spi-2.9.2.jar;F:\studying\another\mavenRepository\io\springfox\springfox-core\2.9.2\springfox-core-2.9.2.jar;F:\studying\another\mavenRepository\net\bytebuddy\byte-buddy\1.12.18\byte-buddy-1.12.18.jar;F:\studying\another\mavenRepository\io\springfox\springfox-schema\2.9.2\springfox-schema-2.9.2.jar;F:\studying\another\mavenRepository\io\springfox\springfox-swagger-common\2.9.2\springfox-swagger-common-2.9.2.jar;F:\studying\another\mavenRepository\io\springfox\springfox-spring-web\2.9.2\springfox-spring-web-2.9.2.jar;F:\studying\another\mavenRepository\com\google\guava\guava\20.0\guava-20.0.jar;F:\studying\another\mavenRepository\com\fasterxml\classmate\1.5.1\classmate-1.5.1.jar;F:\studying\another\mavenRepository\org\springframework\plugin\spring-plugin-core\1.2.0.RELEASE\spring-plugin-core-1.2.0.RELEASE.jar;F:\studying\another\mavenRepository\org\springframework\plugin\spring-plugin-metadata\1.2.0.RELEASE\spring-plugin-metadata-1.2.0.RELEASE.jar;F:\studying\another\mavenRepository\org\mapstruct\mapstruct\1.2.0.Final\mapstruct-1.2.0.Final.jar;F:\studying\another\mavenRepository\io\springfox\springfox-swagger-ui\2.9.2\springfox-swagger-ui-2.9.2.jar;F:\studying\another\mavenRepository\org\projectlombok\lombok\1.18.24\lombok-1.18.24.jar;F:\studying\another\mavenRepository\commons-fileupload\commons-fileupload\1.4\commons-fileupload-1.4.jar;F:\studying\another\mavenRepository\org\apache\httpcomponents\httpclient\4.5.13\httpclient-4.5.13.jar;F:\studying\another\mavenRepository\org\apache\httpcomponents\httpcore\4.4.15\httpcore-4.4.15.jar;F:\studying\another\mavenRepository\commons-logging\commons-logging\1.2\commons-logging-1.2.jar;F:\studying\another\mavenRepository\commons-codec\commons-codec\1.15\commons-codec-1.15.jar;F:\studying\another\mavenRepository\commons-io\commons-io\2.11.0\commons-io-2.11.0.jar;F:\studying\another\mavenRepository\com\google\code\gson\gson\2.9.0\gson-2.9.0.jar;F:\studying\another\mavenRepository\org\springframework\boot\spring-boot-test\2.7.5\spring-boot-test-2.7.5.jar;F:\studying\another\mavenRepository\org\springframework\boot\spring-boot\2.7.5\spring-boot-2.7.5.jar;"/>
    <property name="sun.cpu.endian" value="little"/>
    <property name="user.home" value="C:\Users\陈伟龙"/>
    <property name="user.language" value="zh"/>
    <property name="java.specification.vendor" value="Oracle Corporation"/>
    <property name="java.version.date" value="2020-09-15"/>
    <property name="java.home" value="F:\studying\another\Java\jdk-15"/>
    <property name="file.separator" value="\"/>
    <property name="basedir" value="F:\studying\another\IdeaProjects\JavaEngineering\gulicollege\service\service-ucenter"/>
    <property name="java.vm.compressedOopsMode" value="Zero based"/>
    <property name="line.separator" value="&#10;"/>
    <property name="java.vm.specification.vendor" value="Oracle Corporation"/>
    <property name="java.specification.name" value="Java Platform API Specification"/>
    <property name="surefire.real.class.path" value="C:\Users\陈伟龙\AppData\Local\Temp\surefire8004384041305036102\surefirebooter9338016378667251734.jar"/>
    <property name="user.script" value=""/>
    <property name="sun.management.compiler" value="HotSpot 64-Bit Tiered Compilers"/>
    <property name="java.runtime.version" value="15+36-1562"/>
    <property name="user.name" value="陈伟龙"/>
    <property name="path.separator" value=";"/>
    <property name="os.version" value="10.0"/>
    <property name="java.runtime.name" value="Java(TM) SE Runtime Environment"/>
    <property name="file.encoding" value="GBK"/>
    <property name="java.vm.name" value="Java HotSpot(TM) 64-Bit Server VM"/>
    <property name="localRepository" value="F:\studying\another\mavenRepository"/>
    <property name="java.vendor.url.bug" value="https://bugreport.java.com/bugreport/"/>
    <property name="java.io.tmpdir" value="C:\Users\陈伟龙\AppData\Local\Temp\"/>
    <property name="idea.version" value="2021.2.3"/>
    <property name="java.version" value="15"/>
    <property name="user.dir" value="F:\studying\another\IdeaProjects\JavaEngineering\gulicollege\service\service-ucenter"/>
    <property name="os.arch" value="amd64"/>
    <property name="java.vm.specification.name" value="Java Virtual Machine Specification"/>
    <property name="sun.os.patch.level" value=""/>
    <property name="java.library.path" value="F:\studying\another\Java\jdk-15\bin;C:\Windows\Sun\Java\bin;C:\Windows\system32;C:\Windows;C:\Program Files\Common Files\Oracle\Java\javapath;F:\studying\another\JavaUtility\bin\;C:\Program Files\MySQL\MySQL Shell 8.0\bin\;C:\Windows\system32;C:\Windows;C:\Windows\System32\Wbem;C:\Windows\System32\WindowsPowerShell\v1.0\;C:\Windows\System32\OpenSSH\;C:\Program Files\NVIDIA Corporation\NVIDIA NvDLISR;F:\studying\Apps\vscode\nodejs\node_module;F:\studying\another\Java\jdk-15\bin;F:\studying\another\JavaUtility\maven\apache-maven-3.8.4\bin;F:\studying\another\DataGrip 2021.3.1\bin;;F:\studying\another\IntelliJ IDEA 2021.2.3\bin;;C:\Users\陈伟龙\AppData\Local\Programs\Python\Python310\Scripts\;C:;Users\陈伟龙\AppData\Local\Programs\Python\Python310\;F:;studying\Apps\Microsoft VS Code\bin;F:\studying\another\JavaUtility\gradle\gradle-7.3.1\bin;C:\Program Files\dotnet\;%MYSQL__HOME%;F:\studying\another\adnoado\Library\bin;F:\studying\another\adnoado\Scripts;F:\studying\another\adnoado\bin;C:\Program Files\Docker\Docker\resources\bin;C:\ProgramData\DockerDesktop\version-bin;C:\Program Files (x86)\NetSarang\Xftp 7\;F:\studying\Apps\Git\cmd;F:\studying\Apps\Git\mingw64\bin;F:\studying\Apps\Git\mingw64\libexec\git-core;;C:\Program Files (x86)\NVIDIA Corporation\PhysX\Common;F:\BaiduNetdiskDownload\xshell\;C:\Users\陈伟龙\AppData\Local\Programs\Python\Python310\;C:\Users\陈伟龙\AppData\Local\Microsoft\WindowsApps;F:\studying\Apps\Microsoft VS Code\bin;F:\studying\Apps\vscode\nodejs;C:\Users\陈伟龙\AppData\Roaming\npm;F:\studying\Apps\quartus13.1web\ModelSim\modelsim_ase\win32aloem;F:\studying\Apps\quartus13.1web\modelsim_ase\win32aloem;C:\Users\陈伟龙\AppData\Local\JetBrains\Toolbox\scripts;F:\studying\Apps\PyCharm 2022.2.1\bin;F:\studying\Apps\WebStorm 2022.2.1\bin;F:\studying\Apps\Git;F:\studying\another\DataGrip 2022.2.4\bin;."/>
    <property name="java.vm.info" value="mixed mode, sharing"/>
    <property name="java.vendor" value="Oracle Corporation"/>
    <property name="java.vm.version" value="15+36-1562"/>
    <property name="sun.io.unicode.encoding" value="UnicodeLittle"/>
    <property name="java.class.version" value="59.0"/>
  </properties>
  <testcase name="test" classname="com.atcwl.gulicollege.service.Test" time="0.436"/>
</testsuite>